Arguments: 
  /usr/local/bin/node /usr/local/bin/yarn test

PATH: 
  /Users/samirlehmil/Desktop/workSpace/alternance/reactNative/node_modules/.bin:/Users/samirlehmil/Desktop/workSpace/alternance/node_modules/.bin:/Users/samirlehmil/Desktop/workSpace/node_modules/.bin:/Users/samirlehmil/Desktop/node_modules/.bin:/Users/samirlehmil/node_modules/.bin:/Users/node_modules/.bin:/node_modules/.bin:/usr/local/bin:/Applications/Xcode.app/Contents/Developer/usr/libexec/git-core:/usr/local/bin:/usr/bin:/bin:/usr/sbin:/sbin

Yarn version: 
  1.5.1

Node version: 
  8.11.1

Platform: 
  darwin x64

npm manifest: 
  {
    "name": "empty-project-template",
    "main": "node_modules/expo/AppEntry.js",
    "private": true,
    "scripts": {
      "start": "expo start",
      "android": "expo start --android",
      "ios": "expo start --ios",
      "eject": "expo eject",
      "test": "jest"
    },
    "husky": {
      "hooks": {
        "pre-commit": "lint-staged && yarn test"
      }
    },
    "lint-staged": {
      "*.js": [
        "eslint --fix",
        "git add"
      ]
    },
    "jest": {
      "preset": "react-native",
      "transformIgnorePatterns": [
        "node_modules/(?!react-native|expo|react-navigation|native-base-shoutem-theme|@shoutem/theme|@shoutem/animation|@shoutem/ui|tcomb-form-native)"
      ],
      "setupTestFrameworkScriptFile": "<rootDir>/setupTests.js"
    },
    "dependencies": {
      "babel-eslint": "^10.0.1",
      "enzyme": "^3.7.0",
      "enzyme-adapter-react-16.3": "^1.3.0",
      "eslint": "^5.7.0",
      "eslint-config-airbnb": "^17.1.0",
      "eslint-plugin-import": "^2.14.0",
      "eslint-plugin-jsx-a11y": "^6.1.2",
      "eslint-plugin-react": "^7.11.1",
      "expo": "^30.0.1",
      "firebase": "^5.5.4",
      "husky": "^1.1.2",
      "jest": "^23.6.0",
      "lint-staged": "^7.3.0",
      "prettier": "^1.14.3",
      "react": "16.3.1",
      "react-dom": "^16.5.2",
      "react-native": "https://github.com/expo/react-native/archive/sdk-30.0.0.tar.gz",
      "react-native-elements": "^0.19.1",
      "react-native-vector-icons": "^6.0.2",
      "react-router-native": "^4.3.0",
      "sinon": "^7.0.0",
      "whatwg-fetch": "^2.0.4"
    },
    "devDependencies": {
      "eslint-config-prettier": "^3.1.0",
      "eslint-plugin-prettier": "^3.0.0"
    }
  }

yarn manifest: 
  No manifest

Lockfile: 
  No lockfile

Trace: 
  Error: Command failed.
  Exit code: 1
  Command: sh
  Arguments: -c jest
  Directory: /Users/samirlehmil/Desktop/workSpace/alternance/reactNative
  Output:
  
      at ProcessTermError.MessageError (/usr/local/lib/node_modules/yarn/lib/cli.js:186:110)
      at new ProcessTermError (/usr/local/lib/node_modules/yarn/lib/cli.js:226:113)
      at ChildProcess.<anonymous> (/usr/local/lib/node_modules/yarn/lib/cli.js:30281:17)
      at emitTwo (events.js:126:13)
      at ChildProcess.emit (events.js:214:7)
      at maybeClose (internal/child_process.js:925:16)
      at Process.ChildProcess._handle.onexit (internal/child_process.js:209:5)
